[Sun Nov 15 2015 19:45:54 GMT-0600 (CST)] INFO Connecting...
[Sun Nov 15 2015 19:45:54 GMT-0600 (CST)] INFO Logged in as hoddlebot of slackhoddle, but not yet connected
[Sun Nov 15 2015 19:45:55 GMT-0600 (CST)] INFO Slack client now connected
[Sun Nov 15 2015 19:45:55 GMT-0600 (CST)] ERROR hubot-heroku-alive included, but missing HUBOT_HEROKU_KEEPALIVE_URL. `heroku config:set HUBOT_HEROKU_KEEPALIVE_URL=$(heroku apps:info -s  | grep web_url | cut -d= -f2)`
[Sun Nov 15 2015 19:45:55 GMT-0600 (CST)] INFO hubot-redis-brain: Using default redis on localhost:6379
[Sun Nov 15 2015 19:46:51 GMT-0600 (CST)] INFO Connecting...
[Sun Nov 15 2015 19:46:51 GMT-0600 (CST)] ERROR Error: listen EADDRINUSE
  at errnoException (net.js:905:11)
  at Server._listen2 (net.js:1043:14)
  at listen (net.js:1065:10)
  at net.js:1147:9
  at dns.js:72:18
  at process._tickCallback (node.js:442:13)

[Sun Nov 15 2015 19:46:51 GMT-0600 (CST)] ERROR undefined
[Sun Nov 15 2015 19:46:51 GMT-0600 (CST)] INFO Reconnecting in 1000ms
[Sun Nov 15 2015 19:46:52 GMT-0600 (CST)] INFO Attempting reconnect
[Sun Nov 15 2015 19:46:52 GMT-0600 (CST)] INFO Connecting...
[Sun Nov 15 2015 19:46:53 GMT-0600 (CST)] ERROR undefined
[Sun Nov 15 2015 19:46:53 GMT-0600 (CST)] INFO Reconnecting in 2000ms
[Sun Nov 15 2015 19:46:55 GMT-0600 (CST)] INFO Attempting reconnect
[Sun Nov 15 2015 19:46:55 GMT-0600 (CST)] INFO Connecting...
[Sun Nov 15 2015 19:46:55 GMT-0600 (CST)] ERROR undefined
[Sun Nov 15 2015 19:46:55 GMT-0600 (CST)] INFO Reconnecting in 3000ms
[Sun Nov 15 2015 19:46:58 GMT-0600 (CST)] INFO Attempting reconnect
[Sun Nov 15 2015 19:46:58 GMT-0600 (CST)] INFO Connecting...
[Sun Nov 15 2015 19:46:58 GMT-0600 (CST)] ERROR undefined
[Sun Nov 15 2015 19:46:58 GMT-0600 (CST)] INFO Reconnecting in 4000ms
[Sun Nov 15 2015 19:47:02 GMT-0600 (CST)] INFO Attempting reconnect
[Sun Nov 15 2015 19:47:02 GMT-0600 (CST)] INFO Connecting...
[Sun Nov 15 2015 19:47:02 GMT-0600 (CST)] ERROR undefined
[Sun Nov 15 2015 19:47:02 GMT-0600 (CST)] INFO Reconnecting in 5000ms
[Sun Nov 15 2015 19:47:07 GMT-0600 (CST)] INFO Attempting reconnect
[Sun Nov 15 2015 19:47:07 GMT-0600 (CST)] INFO Connecting...
[Sun Nov 15 2015 19:47:08 GMT-0600 (CST)] ERROR undefined
[Sun Nov 15 2015 19:47:08 GMT-0600 (CST)] INFO Reconnecting in 6000ms
[Sun Nov 15 2015 19:47:14 GMT-0600 (CST)] INFO Attempting reconnect
[Sun Nov 15 2015 19:47:14 GMT-0600 (CST)] INFO Connecting...
[Sun Nov 15 2015 19:47:14 GMT-0600 (CST)] ERROR undefined
[Sun Nov 15 2015 19:47:14 GMT-0600 (CST)] INFO Reconnecting in 7000ms
[Sun Nov 15 2015 19:47:21 GMT-0600 (CST)] INFO Attempting reconnect
[Sun Nov 15 2015 19:47:21 GMT-0600 (CST)] INFO Connecting...
[Sun Nov 15 2015 19:47:21 GMT-0600 (CST)] ERROR undefined
[Sun Nov 15 2015 19:47:21 GMT-0600 (CST)] INFO Reconnecting in 8000ms
[Sun Nov 15 2015 19:47:29 GMT-0600 (CST)] INFO Attempting reconnect
[Sun Nov 15 2015 19:47:29 GMT-0600 (CST)] INFO Connecting...
[Sun Nov 15 2015 19:47:30 GMT-0600 (CST)] ERROR undefined
[Sun Nov 15 2015 19:47:30 GMT-0600 (CST)] INFO Reconnecting in 9000ms
[Sun Nov 15 2015 19:47:39 GMT-0600 (CST)] INFO Attempting reconnect
[Sun Nov 15 2015 19:47:39 GMT-0600 (CST)] INFO Connecting...
[Sun Nov 15 2015 19:47:39 GMT-0600 (CST)] ERROR undefined
[Sun Nov 15 2015 19:47:39 GMT-0600 (CST)] INFO Reconnecting in 10000ms
[Sun Nov 15 2015 19:47:49 GMT-0600 (CST)] INFO Attempting reconnect
[Sun Nov 15 2015 19:47:49 GMT-0600 (CST)] INFO Connecting...
[Sun Nov 15 2015 19:47:49 GMT-0600 (CST)] ERROR undefined
[Sun Nov 15 2015 19:47:49 GMT-0600 (CST)] INFO Reconnecting in 11000ms
[Sun Nov 15 2015 19:48:00 GMT-0600 (CST)] INFO Attempting reconnect
[Sun Nov 15 2015 19:48:00 GMT-0600 (CST)] INFO Connecting...
[Sun Nov 15 2015 19:48:01 GMT-0600 (CST)] ERROR undefined
[Sun Nov 15 2015 19:48:01 GMT-0600 (CST)] INFO Reconnecting in 12000ms
[Sun Nov 15 2015 19:48:13 GMT-0600 (CST)] INFO Attempting reconnect
[Sun Nov 15 2015 19:48:13 GMT-0600 (CST)] INFO Connecting...
[Sun Nov 15 2015 19:48:13 GMT-0600 (CST)] ERROR undefined
[Sun Nov 15 2015 19:48:13 GMT-0600 (CST)] INFO Reconnecting in 13000ms
[Sun Nov 15 2015 19:48:26 GMT-0600 (CST)] INFO Attempting reconnect
[Sun Nov 15 2015 19:48:26 GMT-0600 (CST)] INFO Connecting...
[Sun Nov 15 2015 19:48:26 GMT-0600 (CST)] ERROR undefined
[Sun Nov 15 2015 19:48:26 GMT-0600 (CST)] INFO Reconnecting in 14000ms
[Sun Nov 15 2015 19:48:40 GMT-0600 (CST)] INFO Attempting reconnect
[Sun Nov 15 2015 19:48:40 GMT-0600 (CST)] INFO Connecting...
[Sun Nov 15 2015 19:48:41 GMT-0600 (CST)] ERROR undefined
[Sun Nov 15 2015 19:48:41 GMT-0600 (CST)] INFO Reconnecting in 15000ms
[Sun Nov 15 2015 19:48:56 GMT-0600 (CST)] INFO Attempting reconnect
[Sun Nov 15 2015 19:48:56 GMT-0600 (CST)] INFO Connecting...
[Sun Nov 15 2015 19:48:56 GMT-0600 (CST)] ERROR undefined
[Sun Nov 15 2015 19:48:56 GMT-0600 (CST)] INFO Reconnecting in 16000ms
[Sun Nov 15 2015 19:49:12 GMT-0600 (CST)] INFO Attempting reconnect
[Sun Nov 15 2015 19:49:12 GMT-0600 (CST)] INFO Connecting...
[Sun Nov 15 2015 19:49:12 GMT-0600 (CST)] ERROR undefined
[Sun Nov 15 2015 19:49:12 GMT-0600 (CST)] INFO Reconnecting in 17000ms
[Sun Nov 15 2015 19:49:29 GMT-0600 (CST)] INFO Attempting reconnect
[Sun Nov 15 2015 19:49:29 GMT-0600 (CST)] INFO Connecting...
[Sun Nov 15 2015 19:49:29 GMT-0600 (CST)] ERROR undefined
[Sun Nov 15 2015 19:49:29 GMT-0600 (CST)] INFO Reconnecting in 18000ms
[Sun Nov 15 2015 19:49:47 GMT-0600 (CST)] INFO Attempting reconnect
[Sun Nov 15 2015 19:49:47 GMT-0600 (CST)] INFO Connecting...
[Sun Nov 15 2015 19:49:48 GMT-0600 (CST)] ERROR undefined
[Sun Nov 15 2015 19:49:48 GMT-0600 (CST)] INFO Reconnecting in 19000ms
[Sun Nov 15 2015 19:50:07 GMT-0600 (CST)] INFO Attempting reconnect
[Sun Nov 15 2015 19:50:07 GMT-0600 (CST)] INFO Connecting...
[Sun Nov 15 2015 19:50:07 GMT-0600 (CST)] ERROR undefined
[Sun Nov 15 2015 19:50:07 GMT-0600 (CST)] INFO Reconnecting in 20000ms
[Sun Nov 15 2015 19:50:27 GMT-0600 (CST)] INFO Attempting reconnect
[Sun Nov 15 2015 19:50:27 GMT-0600 (CST)] INFO Connecting...
[Sun Nov 15 2015 19:50:27 GMT-0600 (CST)] ERROR undefined
[Sun Nov 15 2015 19:50:27 GMT-0600 (CST)] INFO Reconnecting in 21000ms
[Sun Nov 15 2015 19:50:48 GMT-0600 (CST)] INFO Attempting reconnect
[Sun Nov 15 2015 19:50:48 GMT-0600 (CST)] INFO Connecting...
[Sun Nov 15 2015 19:50:49 GMT-0600 (CST)] ERROR undefined
[Sun Nov 15 2015 19:50:49 GMT-0600 (CST)] INFO Reconnecting in 22000ms
[Sun Nov 15 2015 19:51:11 GMT-0600 (CST)] INFO Attempting reconnect
[Sun Nov 15 2015 19:51:11 GMT-0600 (CST)] INFO Connecting...
[Sun Nov 15 2015 19:51:11 GMT-0600 (CST)] ERROR undefined
[Sun Nov 15 2015 19:51:11 GMT-0600 (CST)] INFO Reconnecting in 23000ms
